<?xml version="1.0" encoding="UTF-8"?>
<!-- Generated by org.testng.reporters.JUnitReportReporter -->
<testsuite hostname="DESKTOP-FGV8UT0" failures="0" tests="1" name="userManagement.builderPatternImplementation" time="2.648" errors="0" timestamp="2025-07-27T14:28:30 NZST" skipped="0">
  <testcase classname="userManagement.builderPatternImplementation" name="testRestAssuredBuilderPattern" time="2.648"/>
  <system-out/>
</testsuite> <!-- userManagement.builderPatternImplementation -->
