<?xml version="1.0" encoding="UTF-8"?>
<!-- Generated by org.testng.reporters.JUnitReportReporter -->
<testsuite hostname="DESKTOP-FGV8UT0" failures="0" tests="1" name="userManagement.header" time="5.055" errors="0" timestamp="2025-07-24T13:39:20 NZST" skipped="0">
  <testcase classname="userManagement.header" name="testGetUserListWithHeader" time="5.055"/>
  <system-out/>
</testsuite> <!-- userManagement.header -->
