<?xml version="1.0" encoding="UTF-8"?>
<!-- Generated by org.testng.reporters.JUnitReportReporter -->
<testsuite hostname="DESKTOP-FGV8UT0" failures="0" tests="3" name="userManagement.postUsersbyJson" time="7.845" errors="0" timestamp="2025-07-25T14:51:57 NZST" skipped="0">
  <testcase classname="userManagement.postUsersbyJson" name="validatePostWithJsonAsFile" time="0.910"/>
  <system-out/>
  <testcase classname="userManagement.postUsersbyJson" name="validatePatchWithJsonAsFile" time="6.185"/>
  <system-out/>
  <testcase classname="userManagement.postUsersbyJson" name="validatePutWithJsonAsFile" time="0.750"/>
  <system-out/>
</testsuite> <!-- userManagement.postUsersbyJson -->
