<?xml version="1.0" encoding="UTF-8"?>
<!-- Generated by org.testng.reporters.JUnitReportReporter -->
<testsuite hostname="DESKTOP-FGV8UT0" failures="0" tests="1" name="userManagement.cookieFetchfromrequest" time="3.700" errors="0" timestamp="2025-07-24T18:20:50 NZST" skipped="0">
  <testcase classname="userManagement.cookieFetchfromrequest" name="testFetchCookies" time="3.700"/>
  <system-out/>
</testsuite> <!-- userManagement.cookieFetchfromrequest -->
