<?xml version="1.0" encoding="UTF-8"?>
<!-- Generated by org.testng.reporters.JUnitReportReporter -->
<testsuite hostname="DESKTOP-FGV8UT0" failures="0" tests="3" name="userManagement.postUsersbyString" time="7.865" errors="0" timestamp="2025-07-25T14:13:32 NZST" skipped="0">
  <testcase classname="userManagement.postUsersbyString" name="validatePutWithString" time="0.686"/>
  <system-out/>
  <testcase classname="userManagement.postUsersbyString" name="validatePostWithString" time="0.760"/>
  <system-out/>
  <testcase classname="userManagement.postUsersbyString" name="validatePatchWithString" time="6.419"/>
  <system-out/>
</testsuite> <!-- userManagement.postUsersbyString -->
