<?xml version="1.0" encoding="UTF-8"?>
<!-- Generated by org.testng.reporters.JUnitReportReporter -->
<testsuite hostname="DESKTOP-FGV8UT0" failures="0" tests="1" name="userManagement.postUsersbyPojoList" time="4.200" errors="0" timestamp="2025-07-26T17:27:53 NZST" skipped="0">
  <testcase classname="userManagement.postUsersbyPojoList" name="validatePostWithPojoList" time="4.200"/>
  <system-out/>
</testsuite> <!-- userManagement.postUsersbyPojoList -->
