<?xml version="1.0" encoding="UTF-8"?>
<!-- Generated by org.testng.reporters.JUnitReportReporter -->
<testsuite hostname="DESKTOP-FGV8UT0" failures="0" tests="1" name="userManagement.getPostmanEcho" time="2.109" errors="0" timestamp="2025-07-26T12:06:11 NZST" skipped="0">
  <testcase classname="userManagement.getPostmanEcho" name="validateResponseBodyGetBasicAuth" time="2.109"/>
  <system-out/>
</testsuite> <!-- userManagement.getPostmanEcho -->
