<?xml version="1.0" encoding="UTF-8"?>
<!-- Generated by org.testng.reporters.JUnitReportReporter -->
<testsuite hostname="DESKTOP-FGV8UT0" failures="0" tests="1" name="userManagement.UploadDownload" time="3.491" errors="0" timestamp="2025-07-25T15:42:55 NZST" skipped="0">
  <testcase classname="userManagement.UploadDownload" name="FileUploadExample" time="3.491"/>
  <system-out/>
</testsuite> <!-- userManagement.UploadDownload -->
