<?xml version="1.0" encoding="UTF-8"?>
<!-- Generated by org.testng.reporters.JUnitReportReporter -->
<testsuite hostname="DESKTOP-FGV8UT0" failures="0" tests="1" name="userManagement.headerResponse" time="2.979" errors="0" timestamp="01 Jul 2025 11:06:17 GMT" skipped="0">
  <testcase classname="userManagement.headerResponse" name="testFetchHeaders" time="2.979"/>
</testsuite> <!-- userManagement.headerResponse -->
