<?xml version="1.0" encoding="UTF-8"?>
<!-- Generated by org.testng.reporters.JUnitReportReporter -->
<testsuite hostname="DESKTOP-FGV8UT0" failures="0" tests="1" name="userManagement.AutomateChatGPTAPI" time="6.280" errors="0" timestamp="2025-07-28T13:20:57 NZST" skipped="0">
  <testcase classname="userManagement.AutomateChatGPTAPI" name="getListModels" time="6.280"/>
  <system-out/>
</testsuite> <!-- userManagement.AutomateChatGPTAPI -->
