<?xml version="1.0" encoding="UTF-8"?>
<!-- Generated by org.testng.reporters.JUnitReportReporter -->
<testsuite hostname="DESKTOP-FGV8UT0" failures="0" tests="2" name="userManagement.deserializationResponsePojo" time="8.227" errors="0" timestamp="2025-07-27T00:23:32 NZST" skipped="0">
  <testcase classname="userManagement.deserializationResponsePojo" name="validatePostWithResponsePojoListObject" time="0.915"/>
  <system-out/>
  <testcase classname="userManagement.deserializationResponsePojo" name="validatePatchWithResponsePojo" time="7.312"/>
  <system-out/>
</testsuite> <!-- userManagement.deserializationResponsePojo -->
