<?xml version="1.0" encoding="UTF-8"?>
<!-- Generated by org.testng.reporters.JUnitReportReporter -->
<testsuite hostname="DESKTOP-FGV8UT0" failures="0" tests="1" name="userManagement.headerfromResponse" time="4.737" errors="0" timestamp="2025-07-24T15:00:52 NZST" skipped="0">
  <testcase classname="userManagement.headerfromResponse" name="testFetchHeaders" time="4.737"/>
  <system-out/>
</testsuite> <!-- userManagement.headerfromResponse -->
