<?xml version="1.0" encoding="UTF-8"?>
<!-- Generated by org.testng.reporters.JUnitReportReporter -->
<testsuite hostname="DESKTOP-FGV8UT0" failures="0" tests="1" name="userManagement.headermap" time="5.097" errors="0" timestamp="2025-07-24T13:54:04 NZST" skipped="0">
  <testcase classname="userManagement.headermap" name="testTwoHeaderWithMap" time="5.097"/>
  <system-out/>
</testsuite> <!-- userManagement.headermap -->
