<?xml version="1.0" encoding="UTF-8"?>
<!-- Generated by org.testng.reporters.JUnitReportReporter -->
<testsuite hostname="DESKTOP-FGV8UT0" failures="0" tests="1" name="userManagement.hasitem" time="5.725" errors="0" timestamp="2025-07-24T11:34:53 NZST" skipped="0">
  <testcase classname="userManagement.hasitem" name="validateResponseHasItems" time="5.725"/>
  <system-out/>
</testsuite> <!-- userManagement.hasitem -->
