<?xml version="1.0" encoding="UTF-8"?>
<!-- Generated by org.testng.reporters.JUnitReportReporter -->
<testsuite hostname="DESKTOP-FGV8UT0" failures="0" tests="1" name="userManagement.postUsersbyPojoListOfObject" time="4.979" errors="0" timestamp="2025-07-26T23:27:38 NZST" skipped="0">
  <testcase classname="userManagement.postUsersbyPojoListOfObject" name="validatePostWithPojoListObject" time="4.979"/>
  <system-out/>
</testsuite> <!-- userManagement.postUsersbyPojoListOfObject -->
