<?xml version="1.0" encoding="UTF-8"?>
<!-- Generated by org.testng.reporters.JUnitReportReporter -->
<testsuite hostname="DESKTOP-FGV8UT0" failures="0" tests="1" name="userManagement.deleteUser" time="5.383" errors="0" timestamp="2025-07-24T18:39:50 NZST" skipped="0">
  <testcase classname="userManagement.deleteUser" name="verifyStatusCodeDelete" time="5.383"/>
  <system-out/>
</testsuite> <!-- userManagement.deleteUser -->
