<?xml version="1.0" encoding="UTF-8"?>
<!-- Generated by org.testng.reporters.JUnitReportReporter -->
<testsuite hostname="DESKTOP-FGV8UT0" failures="0" tests="1" name="userManagement.hassize" time="5.727" errors="0" timestamp="2025-07-24T11:41:27 NZST" skipped="0">
  <testcase classname="userManagement.hassize" name="validateResponseHasSize" time="5.727"/>
  <system-out/>
</testsuite> <!-- userManagement.hassize -->
