<?xml version="1.0" encoding="UTF-8"?>
<!-- Generated by org.testng.reporters.JUnitReportReporter -->
<testsuite hostname="DESKTOP-FGV8UT0" failures="0" tests="1" name="userManagement.builderPatternImplementationRequest" time="4.521" errors="0" timestamp="2025-07-28T19:26:28 NZST" skipped="0">
  <testcase classname="userManagement.builderPatternImplementationRequest" name="testRestAssuredBuilderPattern" time="4.521"/>
  <system-out/>
</testsuite> <!-- userManagement.builderPatternImplementationRequest -->
