<?xml version="1.0" encoding="UTF-8"?>
<!-- Generated by org.testng.reporters.JUnitReportReporter -->
<testsuite hostname="DESKTOP-FGV8UT0" failures="0" tests="1" name="userManagement.hamhassizeitem" time="4.362" errors="0" timestamp="29 Jun 2025 08:28:32 GMT" skipped="0">
  <testcase classname="userManagement.hamhassizeitem" name="validateResponseHasItems" time="4.362"/>
</testsuite> <!-- userManagement.hamhassizeitem -->
