<?xml version="1.0" encoding="UTF-8"?>
<!-- Generated by org.testng.reporters.JUnitReportReporter -->
<testsuite hostname="DESKTOP-FGV8UT0" failures="0" tests="1" name="userManagement.cookies" time="3.692" errors="0" timestamp="2025-07-24T18:01:00 NZST" skipped="0">
  <testcase classname="userManagement.cookies" name="testUseCookies" time="3.692"/>
  <system-out/>
</testsuite> <!-- userManagement.cookies -->
