<?xml version="1.0" encoding="UTF-8"?>
<!-- Generated by org.testng.reporters.JUnitReportReporter -->
<testsuite hostname="DESKTOP-FGV8UT0" failures="0" tests="3" name="userManagement.postUsersbyPojo" time="5.896" errors="0" timestamp="2025-07-26T17:35:27 NZST" skipped="0">
  <testcase classname="userManagement.postUsersbyPojo" name="validatePostWithPojo" time="0.753"/>
  <system-out/>
  <testcase classname="userManagement.postUsersbyPojo" name="validatePatchWithPojo" time="4.397"/>
  <system-out/>
  <testcase classname="userManagement.postUsersbyPojo" name="validatePutWithPojo" time="0.746"/>
  <system-out/>
</testsuite> <!-- userManagement.postUsersbyPojo -->
