<?xml version="1.0" encoding="UTF-8"?>
<!-- Generated by org.testng.reporters.JUnitReportReporter -->
<testsuite hostname="DESKTOP-FGV8UT0" failures="0" tests="1" name="userManagement.allData" time="7.492" errors="0" timestamp="2025-07-24T12:18:34 NZST" skipped="0">
  <testcase classname="userManagement.allData" name="testGetUsersWithQueryParameters" time="7.492"/>
  <system-out/>
</testsuite> <!-- userManagement.allData -->
