<?xml version="1.0" encoding="UTF-8"?>
<!-- Generated by org.testng.reporters.JUnitReportReporter -->
<testsuite hostname="DESKTOP-FGV8UT0" failures="0" tests="1" name="userManagement.digestauth" time="6.309" errors="0" timestamp="2025-07-24T18:32:49 NZST" skipped="0">
  <testcase classname="userManagement.digestauth" name="validateResponseBodyGetDigestAuth" time="6.309"/>
  <system-out/>
</testsuite> <!-- userManagement.digestauth -->
