<?xml version="1.0" encoding="UTF-8"?>
<!-- Generated by org.testng.reporters.JUnitReportReporter -->
<testsuite hostname="DESKTOP-FGV8UT0" failures="0" tests="1" name="userManagement.validateFromTestDataProperties" time="3.659" errors="0" timestamp="2025-07-25T11:11:26 NZST" skipped="0">
  <testcase classname="userManagement.validateFromTestDataProperties" name="validateWithDataFromPropertiesFile" time="3.659"/>
  <system-out/>
</testsuite> <!-- userManagement.validateFromTestDataProperties -->
