<?xml version="1.0" encoding="UTF-8"?>
<!-- Generated by org.testng.reporters.JUnitReportReporter -->
<testsuite hostname="DESKTOP-FGV8UT0" failures="0" tests="1" name="userManagement.validateDataPropertiesFile" time="3.470" errors="0" timestamp="2025-07-25T11:14:09 NZST" skipped="0">
  <testcase classname="userManagement.validateDataPropertiesFile" name="validateWithDataFromPropertiesFile" time="3.470"/>
  <system-out/>
</testsuite> <!-- userManagement.validateDataPropertiesFile -->
