<?xml version="1.0" encoding="UTF-8"?>
<!-- Generated by org.testng.reporters.JUnitReportReporter -->
<testsuite hostname="DESKTOP-FGV8UT0" failures="0" tests="1" name="userManagement.validateSoftAssertUtil" time="5.835" errors="0" timestamp="2025-07-25T00:55:58 NZST" skipped="0">
  <testcase classname="userManagement.validateSoftAssertUtil" name="validateWithSoftAssertUtil" time="5.835"/>
  <system-out/>
</testsuite> <!-- userManagement.validateSoftAssertUtil -->
