<?xml version="1.0" encoding="UTF-8"?>
<!-- Generated by org.testng.reporters.JUnitReportReporter -->
<testsuite hostname="DESKTOP-FGV8UT0" failures="0" tests="1" name="userManagement.TwoHeaders" time="5.009" errors="0" timestamp="2025-07-24T13:42:05 NZST" skipped="0">
  <testcase classname="userManagement.TwoHeaders" name="testWithTwoHeaders" time="5.009"/>
  <system-out/>
</testsuite> <!-- userManagement.TwoHeaders -->
