<?xml version="1.0" encoding="UTF-8"?>
<!-- Generated by org.testng.reporters.JUnitReportReporter -->
<testsuite hostname="DESKTOP-FGV8UT0" failures="0" tests="1" name="userManagement.builderPatternNormalApproach" time="4.015" errors="0" timestamp="2025-07-27T13:40:56 NZST" skipped="0">
  <testcase classname="userManagement.builderPatternNormalApproach" name="testRestAssuredNormalApproach" time="4.015"/>
  <system-out/>
</testsuite> <!-- userManagement.builderPatternNormalApproach -->
