<?xml version="1.0" encoding="UTF-8"?>
<!-- Generated by org.testng.reporters.JUnitReportReporter -->
<testsuite hostname="DESKTOP-FGV8UT0" failures="0" tests="3" name="userManagement.Dataprovider" time="6.868" errors="0" timestamp="2025-07-25T09:55:59 NZST" skipped="0">
  <testcase classname="userManagement.Dataprovider" name="testEndpoint" time="5.374"/>
  <system-out/>
  <testcase classname="userManagement.Dataprovider" name="testEndpoint" time="0.726"/>
  <system-out/>
  <testcase classname="userManagement.Dataprovider" name="testEndpoint" time="0.768"/>
  <system-out/>
</testsuite> <!-- userManagement.Dataprovider -->
