<?xml version="1.0" encoding="UTF-8"?>
<!-- Generated by org.testng.reporters.JUnitReportReporter -->
<testsuite hostname="DESKTOP-FGV8UT0" failures="0" tests="1" name="userManagement.validateTestDataJson" time="4.235" errors="0" timestamp="2025-07-24T23:31:32 NZST" skipped="0">
  <testcase classname="userManagement.validateTestDataJson" name="validateWithTestDataFromJson" time="4.235"/>
  <system-out/>
</testsuite> <!-- userManagement.validateTestDataJson -->
