<?xml version="1.0" encoding="UTF-8"?>
<!-- Generated by org.testng.reporters.JUnitReportReporter -->
<testsuite hostname="DESKTOP-FGV8UT0" failures="0" tests="1" name="userManagement.Basicauth" time="5.017" errors="0" timestamp="2025-07-25T15:52:44 NZST" skipped="0">
  <testcase classname="userManagement.Basicauth" name="validateResponseBodyGetBasicAuth" time="5.017"/>
  <system-out/>
</testsuite> <!-- userManagement.Basicauth -->
