<?xml version="1.0" encoding="UTF-8"?>
<!-- Generated by org.testng.reporters.JUnitReportReporter -->
<testsuite hostname="DESKTOP-FGV8UT0" failures="0" tests="1" name="userManagement.multiQueryPara" time="5.402" errors="0" timestamp="2025-07-24T12:23:21 NZST" skipped="0">
  <testcase classname="userManagement.multiQueryPara" name="testGetUsersWithMultipleQueryParams" time="5.402"/>
  <system-out/>
</testsuite> <!-- userManagement.multiQueryPara -->
