<?xml version="1.0" encoding="UTF-8"?>
<!-- Generated by org.testng.reporters.JUnitReportReporter -->
<testsuite hostname="DESKTOP-FGV8UT0" failures="0" tests="1" name="userManagement.contains" time="6.486" errors="0" timestamp="2025-07-24T11:56:22 NZST" skipped="0">
  <testcase classname="userManagement.contains" name="validateListContainsInOrder" time="6.486"/>
  <system-out/>
</testsuite> <!-- userManagement.contains -->
